<?xml version="1.0" encoding="UTF-8"?>
<!-- Generated by org.testng.reporters.JUnitReportReporter -->
<testsuite hostname="Rohit" failures="0" tests="2" name="tests.DashboardTest1" time="22.216" errors="0" timestamp="2021-11-04T07:37:35 IST" skipped="0">
  <testcase classname="tests.DashboardTest1" name="validSearchTest" time="13.221"/>
  <system-out/>
  <testcase classname="tests.DashboardTest1" name="validSearchTest1" time="8.995"/>
  <system-out/>
</testsuite> <!-- tests.DashboardTest1 -->
