<?xml version="1.0" encoding="UTF-8"?>
<!-- Generated by org.testng.reporters.JUnitReportReporter -->
<testsuite hostname="Rohit" failures="0" tests="2" name="tests.DashboardTest2" time="12.825" errors="0" timestamp="2021-11-04T07:37:35 IST" skipped="0">
  <testcase classname="tests.DashboardTest2" name="validSearchTest" time="6.424"/>
  <system-out/>
  <testcase classname="tests.DashboardTest2" name="validSearchTest1" time="6.401"/>
  <system-out/>
</testsuite> <!-- tests.DashboardTest2 -->
