<?xml version="1.0" encoding="UTF-8"?>
<!-- Generated by org.testng.reporters.JUnitReportReporter -->
<testsuite hostname="Rohit" failures="0" tests="2" name="tests.DashboardTest2" time="20.679" errors="0" timestamp="2021-11-05T04:02:06 IST" skipped="0">
  <testcase classname="tests.DashboardTest2" name="validSearchTest" time="8.630"/>
  <system-out/>
  <testcase classname="tests.DashboardTest2" name="validSearchTest1" time="12.049"/>
  <system-out/>
</testsuite> <!-- tests.DashboardTest2 -->
