<?xml version="1.0" encoding="UTF-8"?>
<!-- Generated by org.testng.reporters.JUnitReportReporter -->
<testsuite hostname="Rohit" failures="0" tests="2" name="tests.DashboardTest1" time="15.855" errors="0" timestamp="2021-11-01T05:37:38 IST" skipped="0">
  <testcase classname="tests.DashboardTest1" name="validSearchTest" time="8.369"/>
  <system-out/>
  <testcase classname="tests.DashboardTest1" name="validSearchTest1" time="7.486"/>
  <system-out/>
</testsuite> <!-- tests.DashboardTest1 -->
