<?xml version="1.0" encoding="UTF-8"?>
<!-- Generated by org.testng.reporters.JUnitReportReporter -->
<testsuite hostname="Rohit" failures="0" tests="2" name="tests.DashboardTest1" time="63.994" errors="0" timestamp="2021-11-09T09:06:41 IST" skipped="0">
  <testcase classname="tests.DashboardTest1" name="validSearchTest" time="26.371"/>
  <system-out/>
  <testcase classname="tests.DashboardTest1" name="validSearchTest1" time="37.623"/>
  <system-out/>
</testsuite> <!-- tests.DashboardTest1 -->
