<?xml version="1.0" encoding="UTF-8"?>
<!-- Generated by org.testng.reporters.JUnitReportReporter -->
<testsuite hostname="Rohit" failures="0" tests="1" name="tests.Dashboardtests" time="5.386" errors="0" timestamp="2021-10-28T08:17:17 IST" skipped="0">
  <testcase classname="tests.Dashboardtests" name="runSearchTest" time="5.386"/>
  <system-out/>
</testsuite> <!-- tests.Dashboardtests -->
