<?xml version="1.0" encoding="UTF-8"?>
<!-- Generated by org.testng.reporters.JUnitReportReporter -->
<testsuite hostname="Rohit" failures="0" tests="1" name="tests.checkvideolength" time="78.100" errors="0" timestamp="2021-11-09T14:39:17 IST" skipped="0">
  <testcase classname="tests.checkvideolength" name="validSearchTest" time="78.100"/>
  <system-out/>
</testsuite> <!-- tests.checkvideolength -->
