<?xml version="1.0" encoding="UTF-8"?>
<!-- Generated by org.testng.reporters.JUnitReportReporter -->
<testsuite hostname="Rohit" failures="0" tests="1" name="tests.Dashboardtests" time="11.333" errors="0" timestamp="2021-10-27T19:30:47 IST" skipped="0">
  <testcase classname="tests.Dashboardtests" name="runSearchTest" time="11.333"/>
  <system-out/>
</testsuite> <!-- tests.Dashboardtests -->
