<?xml version="1.0" encoding="UTF-8"?>
<!-- Generated by org.testng.reporters.JUnitReportReporter -->
<testsuite hostname="DESKTOP-EGKU9H3" failures="0" tests="1"
	name="Google.youtube.Dummy" time="5.380" errors="0"
	timestamp="2021-10-19T19:08:58 IST" skipped="0">
	<testcase classname="Google.youtube.Dummy" name="display"
		time="5.380" />
	<system-out />
</testsuite> <!-- Google.youtube.Dummy -->
