<?xml version="1.0" encoding="UTF-8"?>
<!-- Generated by org.testng.reporters.JUnitReportReporter -->
<testsuite hostname="DESKTOP-EGKU9H3" failures="0" tests="1" name="tests.Dashboardtests" time="8.622" errors="0" timestamp="2021-10-19T23:05:43 IST" skipped="0">
  <testcase classname="tests.Dashboardtests" name="runSearchTest" time="8.622"/>
  <system-out/>
</testsuite> <!-- tests.Dashboardtests -->
