<?xml version="1.0" encoding="UTF-8"?>
<!-- Generated by org.testng.reporters.JUnitReportReporter -->
<testsuite hostname="Rohit" failures="0" tests="2" name="tests.DashboardTest1" time="60.298" errors="0" timestamp="2021-11-09T09:24:12 IST" skipped="0">
  <testcase classname="tests.DashboardTest1" name="validSearchTest1" time="32.894"/>
  <system-out/>
  <testcase classname="tests.DashboardTest1" name="validSearchTest" time="27.404"/>
  <system-out/>
</testsuite> <!-- tests.DashboardTest1 -->
