<?xml version="1.0" encoding="UTF-8"?>
<!-- Generated by org.testng.reporters.JUnitReportReporter -->
<testsuite hostname="Rohit" failures="0" tests="1" name="tests.Dashboardtests" time="10.911" errors="0" timestamp="2021-10-27T19:04:53 IST" skipped="0">
  <testcase classname="tests.Dashboardtests" name="runSearchTest" time="10.911"/>
  <system-out/>
</testsuite> <!-- tests.Dashboardtests -->
