<?xml version="1.0" encoding="UTF-8"?>
<!-- Generated by org.testng.reporters.JUnitReportReporter -->
<testsuite hostname="Rohit" failures="0" tests="1"
	name="tests.Dashboardtests" time="5.197" errors="0"
	timestamp="2021-10-27T09:12:52 IST" skipped="0">
	<testcase classname="tests.Dashboardtests"
		name="runSearchTest" time="5.197" />
	<system-out />
</testsuite> <!-- tests.Dashboardtests -->
