<?xml version="1.0" encoding="UTF-8"?>
<!-- Generated by org.testng.reporters.JUnitReportReporter -->
<testsuite hostname="Rohit" failures="0" tests="2" name="tests.DashboardTest2" time="24.929" errors="0" timestamp="2021-11-09T09:24:12 IST" skipped="0">
  <testcase classname="tests.DashboardTest2" name="validSearchTest" time="12.699"/>
  <system-out/>
  <testcase classname="tests.DashboardTest2" name="validSearchTest1" time="12.230"/>
  <system-out/>
</testsuite> <!-- tests.DashboardTest2 -->
